c:\users\kston\source\repos\consolecell\consolecell\x64\debug\vc143.pdb
c:\users\kston\source\repos\consolecell\consolecell\x64\debug\vc143.idb
c:\users\kston\source\repos\consolecell\consolecell\x64\debug\consolecell.nativecodeanalysis.sarif
c:\users\kston\source\repos\consolecell\consolecell\x64\debug\consolecell.nativecodeanalysis.xml
c:\users\kston\source\repos\consolecell\consolecell\x64\debug\fieldcount.nativecodeanalysis.sarif
c:\users\kston\source\repos\consolecell\consolecell\x64\debug\fieldcount.nativecodeanalysis.xml
c:\users\kston\source\repos\consolecell\consolecell\x64\debug\gamefield.nativecodeanalysis.sarif
c:\users\kston\source\repos\consolecell\consolecell\x64\debug\gamefield.nativecodeanalysis.xml
c:\users\kston\source\repos\consolecell\consolecell\x64\debug\gamefield.obj
c:\users\kston\source\repos\consolecell\consolecell\x64\debug\fieldcount.obj
c:\users\kston\source\repos\consolecell\consolecell\x64\debug\consolecell.obj
c:\users\kston\source\repos\consolecell\x64\debug\consolecell.exe
c:\users\kston\source\repos\consolecell\x64\debug\consolecell.pdb
c:\users\kston\source\repos\consolecell\consolecell\x64\debug\consolecell.ilk
c:\users\kston\source\repos\consolecell\consolecell\x64\debug\vc.nativecodeanalysis.all.xml
c:\users\kston\source\repos\consolecell\consolecell\x64\debug\consolecell.tlog\cl.command.1.tlog
c:\users\kston\source\repos\consolecell\consolecell\x64\debug\consolecell.tlog\cl.items.tlog
c:\users\kston\source\repos\consolecell\consolecell\x64\debug\consolecell.tlog\cl.read.1.tlog
c:\users\kston\source\repos\consolecell\consolecell\x64\debug\consolecell.tlog\cl.write.1.tlog
c:\users\kston\source\repos\consolecell\consolecell\x64\debug\consolecell.tlog\link.command.1.tlog
c:\users\kston\source\repos\consolecell\consolecell\x64\debug\consolecell.tlog\link.read.1.tlog
c:\users\kston\source\repos\consolecell\consolecell\x64\debug\consolecell.tlog\link.secondary.1.tlog
c:\users\kston\source\repos\consolecell\consolecell\x64\debug\consolecell.tlog\link.write.1.tlog
